Analysis & Synthesis report for FPGA2
Mon Nov 21 23:27:13 2022
Quartus II Version 9.1 Build 350 03/24/2010 Service Pack 2 SJ Web Edition


---------------------
; Table of Contents ;
---------------------
  1. Legal Notice
  2. Analysis & Synthesis Summary
  3. Analysis & Synthesis Settings
  4. Parallel Compilation
  5. Analysis & Synthesis Source Files Read
  6. Analysis & Synthesis Resource Usage Summary
  7. Analysis & Synthesis Resource Utilization by Entity
  8. Registers Removed During Synthesis
  9. Removed Registers Triggering Further Register Optimizations
 10. General Register Statistics
 11. Analysis & Synthesis Messages



----------------
; Legal Notice ;
----------------
Copyright (C) 1991-2010 Altera Corporation
Your use of Altera Corporation's design tools, logic functions 
and other software and tools, and its AMPP partner logic 
functions, and any output files from any of the foregoing 
(including device programming or simulation files), and any 
associated documentation or information are expressly subject 
to the terms and conditions of the Altera Program License 
Subscription Agreement, Altera MegaCore Function License 
Agreement, or other applicable license agreement, including, 
without limitation, that your use is for the sole purpose of 
programming logic devices manufactured by Altera and sold by 
Altera or its authorized distributors.  Please refer to the 
applicable agreement for further details.



+-----------------------------------------------------------------------------------+
; Analysis & Synthesis Summary                                                      ;
+------------------------------------+----------------------------------------------+
; Analysis & Synthesis Status        ; Successful - Mon Nov 21 23:27:13 2022        ;
; Quartus II Version                 ; 9.1 Build 350 03/24/2010 SP 2 SJ Web Edition ;
; Revision Name                      ; FPGA2                                        ;
; Top-level Entity Name              ; fpga2                                        ;
; Family                             ; Cyclone II                                   ;
; Total logic elements               ; 57                                           ;
;     Total combinational functions  ; 55                                           ;
;     Dedicated logic registers      ; 50                                           ;
; Total registers                    ; 50                                           ;
; Total pins                         ; 9                                            ;
; Total virtual pins                 ; 0                                            ;
; Total memory bits                  ; 0                                            ;
; Embedded Multiplier 9-bit elements ; 0                                            ;
; Total PLLs                         ; 0                                            ;
+------------------------------------+----------------------------------------------+


+----------------------------------------------------------------------------------------------------------------------+
; Analysis & Synthesis Settings                                                                                        ;
+----------------------------------------------------------------------------+--------------------+--------------------+
; Option                                                                     ; Setting            ; Default Value      ;
+----------------------------------------------------------------------------+--------------------+--------------------+
; Device                                                                     ; EP2C8Q208C8        ;                    ;
; Top-level entity name                                                      ; FPGA2              ; FPGA2              ;
; Family name                                                                ; Cyclone II         ; Stratix II         ;
; Use Generated Physical Constraints File                                    ; Off                ;                    ;
; Use smart compilation                                                      ; Off                ; Off                ;
; Enable parallel Assembler and TimeQuest Timing Analyzer during compilation ; On                 ; On                 ;
; Enable compact report table                                                ; Off                ; Off                ;
; Restructure Multiplexers                                                   ; Auto               ; Auto               ;
; Create Debugging Nodes for IP Cores                                        ; Off                ; Off                ;
; Preserve fewer node names                                                  ; On                 ; On                 ;
; Disable OpenCore Plus hardware evaluation                                  ; Off                ; Off                ;
; Verilog Version                                                            ; Verilog_2001       ; Verilog_2001       ;
; VHDL Version                                                               ; VHDL_1993          ; VHDL_1993          ;
; State Machine Processing                                                   ; Auto               ; Auto               ;
; Safe State Machine                                                         ; Off                ; Off                ;
; Extract Verilog State Machines                                             ; On                 ; On                 ;
; Extract VHDL State Machines                                                ; On                 ; On                 ;
; Ignore Verilog initial constructs                                          ; Off                ; Off                ;
; Iteration limit for constant Verilog loops                                 ; 5000               ; 5000               ;
; Iteration limit for non-constant Verilog loops                             ; 250                ; 250                ;
; Add Pass-Through Logic to Inferred RAMs                                    ; On                 ; On                 ;
; Parallel Synthesis                                                         ; On                 ; On                 ;
; DSP Block Balancing                                                        ; Auto               ; Auto               ;
; NOT Gate Push-Back                                                         ; On                 ; On                 ;
; Power-Up Don't Care                                                        ; On                 ; On                 ;
; Remove Redundant Logic Cells                                               ; Off                ; Off                ;
; Remove Duplicate Registers                                                 ; On                 ; On                 ;
; Ignore CARRY Buffers                                                       ; Off                ; Off                ;
; Ignore CASCADE Buffers                                                     ; Off                ; Off                ;
; Ignore GLOBAL Buffers                                                      ; Off                ; Off                ;
; Ignore ROW GLOBAL Buffers                                                  ; Off                ; Off                ;
; Ignore LCELL Buffers                                                       ; Off                ; Off                ;
; Ignore SOFT Buffers                                                        ; On                 ; On                 ;
; Limit AHDL Integers to 32 Bits                                             ; Off                ; Off                ;
; Optimization Technique                                                     ; Balanced           ; Balanced           ;
; Carry Chain Length                                                         ; 70                 ; 70                 ;
; Auto Carry Chains                                                          ; On                 ; On                 ;
; Auto Open-Drain Pins                                                       ; On                 ; On                 ;
; Perform WYSIWYG Primitive Resynthesis                                      ; Off                ; Off                ;
; Auto ROM Replacement                                                       ; On                 ; On                 ;
; Auto RAM Replacement                                                       ; On                 ; On                 ;
; Auto Shift Register Replacement                                            ; Auto               ; Auto               ;
; Auto Clock Enable Replacement                                              ; On                 ; On                 ;
; Strict RAM Replacement                                                     ; Off                ; Off                ;
; Allow Synchronous Control Signals                                          ; On                 ; On                 ;
; Force Use of Synchronous Clear Signals                                     ; Off                ; Off                ;
; Auto RAM to Logic Cell Conversion                                          ; Off                ; Off                ;
; Auto Resource Sharing                                                      ; Off                ; Off                ;
; Allow Any RAM Size For Recognition                                         ; Off                ; Off                ;
; Allow Any ROM Size For Recognition                                         ; Off                ; Off                ;
; Allow Any Shift Register Size For Recognition                              ; Off                ; Off                ;
; Use LogicLock Constraints during Resource Balancing                        ; On                 ; On                 ;
; Ignore translate_off and synthesis_off directives                          ; Off                ; Off                ;
; Timing-Driven Synthesis                                                    ; Off                ; Off                ;
; Show Parameter Settings Tables in Synthesis Report                         ; On                 ; On                 ;
; Ignore Maximum Fan-Out Assignments                                         ; Off                ; Off                ;
; Synchronization Register Chain Length                                      ; 2                  ; 2                  ;
; PowerPlay Power Optimization                                               ; Normal compilation ; Normal compilation ;
; HDL message level                                                          ; Level2             ; Level2             ;
; Suppress Register Optimization Related Messages                            ; Off                ; Off                ;
; Number of Removed Registers Reported in Synthesis Report                   ; 5000               ; 5000               ;
; Number of Inverted Registers Reported in Synthesis Report                  ; 100                ; 100                ;
; Clock MUX Protection                                                       ; On                 ; On                 ;
; Auto Gated Clock Conversion                                                ; Off                ; Off                ;
; Block Design Naming                                                        ; Auto               ; Auto               ;
; SDC constraint protection                                                  ; Off                ; Off                ;
; Synthesis Effort                                                           ; Auto               ; Auto               ;
; Shift Register Replacement - Allow Asynchronous Clear Signal               ; On                 ; On                 ;
; Analysis & Synthesis Message Level                                         ; Medium             ; Medium             ;
; Disable Register Merging Across Hierarchies                                ; Auto               ; Auto               ;
; Resource Aware Inference For Block RAM                                     ; On                 ; On                 ;
+----------------------------------------------------------------------------+--------------------+--------------------+


Parallel compilation was disabled, but you have multiple processors available. Enable parallel compilation to reduce compilation time.
+-------------------------------------+
; Parallel Compilation                ;
+----------------------------+--------+
; Processors                 ; Number ;
+----------------------------+--------+
; Number detected on machine ; 4      ;
; Maximum allowed            ; 1      ;
+----------------------------+--------+


+----------------------------------------------------------------------------------------------------------------------------------------+
; Analysis & Synthesis Source Files Read                                                                                                 ;
+----------------------------------+-----------------+------------------------------------------+----------------------------------------+
; File Name with User-Entered Path ; Used in Netlist ; File Type                                ; File Name with Absolute Path           ;
+----------------------------------+-----------------+------------------------------------------+----------------------------------------+
; 3Xdec.bdf                        ; yes             ; User Block Diagram/Schematic File        ; C:/Users/USER/Desktop/FPGA2/3Xdec.bdf  ;
; 15Xdec.bdf                       ; yes             ; User Block Diagram/Schematic File        ; C:/Users/USER/Desktop/FPGA2/15Xdec.bdf ;
; 2Xdec.bdf                        ; yes             ; User Block Diagram/Schematic File        ; C:/Users/USER/Desktop/FPGA2/2Xdec.bdf  ;
; fpga2.bdf                        ; yes             ; Auto-Found Block Diagram/Schematic File  ; C:/Users/USER/Desktop/FPGA2/fpga2.bdf  ;
; 25xdec.bdf                       ; yes             ; Auto-Found Block Diagram/Schematic File  ; C:/Users/USER/Desktop/FPGA2/25xdec.bdf ;
; 4xdec.bdf                        ; yes             ; Auto-Found Block Diagram/Schematic File  ; C:/Users/USER/Desktop/FPGA2/4xdec.bdf  ;
; 7xdec.bdf                        ; yes             ; Auto-Found Block Diagram/Schematic File  ; C:/Users/USER/Desktop/FPGA2/7xdec.bdf  ;
; 11xdec.bdf                       ; yes             ; Auto-Found Block Diagram/Schematic File  ; C:/Users/USER/Desktop/FPGA2/11xdec.bdf ;
; 8xdec.bdf                        ; yes             ; Auto-Found Block Diagram/Schematic File  ; C:/Users/USER/Desktop/FPGA2/8xdec.bdf  ;
; 5xdec.bdf                        ; yes             ; Auto-Found Block Diagram/Schematic File  ; C:/Users/USER/Desktop/FPGA2/5xdec.bdf  ;
+----------------------------------+-----------------+------------------------------------------+----------------------------------------+


+-------------------------------------------------------------------+
; Analysis & Synthesis Resource Usage Summary                       ;
+---------------------------------------------+---------------------+
; Resource                                    ; Usage               ;
+---------------------------------------------+---------------------+
; Estimated Total logic elements              ; 57                  ;
;                                             ;                     ;
; Total combinational functions               ; 55                  ;
; Logic element usage by number of LUT inputs ;                     ;
;     -- 4 input functions                    ; 3                   ;
;     -- 3 input functions                    ; 3                   ;
;     -- <=2 input functions                  ; 49                  ;
;                                             ;                     ;
; Logic elements by mode                      ;                     ;
;     -- normal mode                          ; 55                  ;
;     -- arithmetic mode                      ; 0                   ;
;                                             ;                     ;
; Total registers                             ; 50                  ;
;     -- Dedicated logic registers            ; 50                  ;
;     -- I/O registers                        ; 0                   ;
;                                             ;                     ;
; I/O pins                                    ; 9                   ;
; Maximum fan-out node                        ; 11xdec:inst32|inst2 ;
; Maximum fan-out                             ; 5                   ;
; Total fan-out                               ; 214                 ;
; Average fan-out                             ; 1.88                ;
+---------------------------------------------+---------------------+


+------------------------------------------------------------------------------------------------------------------------------------------------------------------------------+
; Analysis & Synthesis Resource Utilization by Entity                                                                                                                          ;
+----------------------------+-------------------+--------------+-------------+--------------+---------+-----------+------+--------------+----------------------+--------------+
; Compilation Hierarchy Node ; LC Combinationals ; LC Registers ; Memory Bits ; DSP Elements ; DSP 9x9 ; DSP 18x18 ; Pins ; Virtual Pins ; Full Hierarchy Name  ; Library Name ;
+----------------------------+-------------------+--------------+-------------+--------------+---------+-----------+------+--------------+----------------------+--------------+
; |fpga2                     ; 55 (7)            ; 50 (0)       ; 0           ; 0            ; 0       ; 0         ; 9    ; 0            ; |fpga2               ; work         ;
;    |11xdec:inst32|         ; 4 (4)             ; 4 (4)        ; 0           ; 0            ; 0       ; 0         ; 0    ; 0            ; |fpga2|11xdec:inst32 ;              ;
;    |15Xdec:inst22|         ; 4 (4)             ; 5 (5)        ; 0           ; 0            ; 0       ; 0         ; 0    ; 0            ; |fpga2|15Xdec:inst22 ;              ;
;    |25xdec:inst34|         ; 6 (6)             ; 6 (6)        ; 0           ; 0            ; 0       ; 0         ; 0    ; 0            ; |fpga2|25xdec:inst34 ;              ;
;    |25xdec:inst36|         ; 6 (6)             ; 6 (6)        ; 0           ; 0            ; 0       ; 0         ; 0    ; 0            ; |fpga2|25xdec:inst36 ;              ;
;    |25xdec:inst37|         ; 6 (6)             ; 6 (6)        ; 0           ; 0            ; 0       ; 0         ; 0    ; 0            ; |fpga2|25xdec:inst37 ;              ;
;    |25xdec:inst38|         ; 6 (6)             ; 6 (6)        ; 0           ; 0            ; 0       ; 0         ; 0    ; 0            ; |fpga2|25xdec:inst38 ; work         ;
;    |25xdec:inst39|         ; 6 (6)             ; 6 (6)        ; 0           ; 0            ; 0       ; 0         ; 0    ; 0            ; |fpga2|25xdec:inst39 ; work         ;
;    |2Xdec:inst27|          ; 1 (1)             ; 1 (1)        ; 0           ; 0            ; 0       ; 0         ; 0    ; 0            ; |fpga2|2Xdec:inst27  ; work         ;
;    |3Xdec:inst23|          ; 1 (1)             ; 2 (2)        ; 0           ; 0            ; 0       ; 0         ; 0    ; 0            ; |fpga2|3Xdec:inst23  ;              ;
;    |4xdec:inst24|          ; 2 (2)             ; 2 (2)        ; 0           ; 0            ; 0       ; 0         ; 0    ; 0            ; |fpga2|4xdec:inst24  ;              ;
;    |5xdec:inst28|          ; 3 (3)             ; 3 (3)        ; 0           ; 0            ; 0       ; 0         ; 0    ; 0            ; |fpga2|5xdec:inst28  ; work         ;
;    |8xdec:inst30|          ; 3 (3)             ; 3 (3)        ; 0           ; 0            ; 0       ; 0         ; 0    ; 0            ; |fpga2|8xdec:inst30  ; work         ;
+----------------------------+-------------------+--------------+-------------+--------------+---------+-----------+------+--------------+----------------------+--------------+
Note: For table entries with two numbers listed, the numbers in parentheses indicate the number of resources of the given type used by the specific entity alone. The numbers listed outside of parentheses indicate the total resources of the given type used by the specific entity and all of its sub-entities in the hierarchy.


+---------------------------------------------------------------------------------+
; Registers Removed During Synthesis                                              ;
+----------------------------------------+----------------------------------------+
; Register name                          ; Reason for Removal                     ;
+----------------------------------------+----------------------------------------+
; 7xdec:inst31|inst1                     ; Stuck at GND due to stuck port data_in ;
; 7xdec:inst25|inst1                     ; Stuck at GND due to stuck port data_in ;
; 2Xdec:inst26|inst                      ; Stuck at GND due to stuck port clock   ;
; 7xdec:inst31|inst                      ; Lost fanout                            ;
; 7xdec:inst31|inst2                     ; Lost fanout                            ;
; 25xdec:inst40|inst4                    ; Lost fanout                            ;
; 7xdec:inst25|inst                      ; Lost fanout                            ;
; 25xdec:inst40|inst5                    ; Lost fanout                            ;
; 25xdec:inst40|inst6                    ; Lost fanout                            ;
; 25xdec:inst40|inst                     ; Lost fanout                            ;
; 7xdec:inst25|inst2                     ; Lost fanout                            ;
; 25xdec:inst35|inst4                    ; Lost fanout                            ;
; 25xdec:inst40|inst1                    ; Lost fanout                            ;
; 25xdec:inst40|inst2                    ; Lost fanout                            ;
; 25xdec:inst35|inst5                    ; Lost fanout                            ;
; 25xdec:inst35|inst6                    ; Lost fanout                            ;
; 25xdec:inst35|inst                     ; Lost fanout                            ;
; 25xdec:inst35|inst1                    ; Lost fanout                            ;
; 25xdec:inst35|inst2                    ; Lost fanout                            ;
; Total Number of Removed Registers = 19 ;                                        ;
+----------------------------------------+----------------------------------------+


+------------------------------------------------------------------------------------------------------------------------------------+
; Removed Registers Triggering Further Register Optimizations                                                                        ;
+--------------------+---------------------------+-----------------------------------------------------------------------------------+
; Register name      ; Reason for Removal        ; Registers Removed due to This Register                                            ;
+--------------------+---------------------------+-----------------------------------------------------------------------------------+
; 7xdec:inst31|inst1 ; Stuck at GND              ; 7xdec:inst31|inst, 7xdec:inst31|inst2, 25xdec:inst40|inst4, 25xdec:inst40|inst5,  ;
;                    ; due to stuck port data_in ; 25xdec:inst40|inst6, 25xdec:inst40|inst, 25xdec:inst40|inst1, 25xdec:inst40|inst2 ;
; 7xdec:inst25|inst1 ; Stuck at GND              ; 7xdec:inst25|inst, 7xdec:inst25|inst2, 25xdec:inst35|inst4, 25xdec:inst35|inst5,  ;
;                    ; due to stuck port data_in ; 25xdec:inst35|inst6, 25xdec:inst35|inst, 25xdec:inst35|inst1, 25xdec:inst35|inst2 ;
+--------------------+---------------------------+-----------------------------------------------------------------------------------+


+------------------------------------------------------+
; General Register Statistics                          ;
+----------------------------------------------+-------+
; Statistic                                    ; Value ;
+----------------------------------------------+-------+
; Total registers                              ; 50    ;
; Number of registers using Synchronous Clear  ; 0     ;
; Number of registers using Synchronous Load   ; 0     ;
; Number of registers using Asynchronous Clear ; 0     ;
; Number of registers using Asynchronous Load  ; 0     ;
; Number of registers using Clock Enable       ; 0     ;
; Number of registers using Preset             ; 0     ;
+----------------------------------------------+-------+


+-------------------------------+
; Analysis & Synthesis Messages ;
+-------------------------------+
Info: *******************************************************************
Info: Running Quartus II Analysis & Synthesis
    Info: Version 9.1 Build 350 03/24/2010 Service Pack 2 SJ Web Edition
    Info: Processing started: Mon Nov 21 23:27:12 2022
Info: Command: quartus_map --read_settings_files=on --write_settings_files=off FPGA2 -c FPGA2
Warning: Can't analyze file -- file FPGA2_2.bdf is missing
Info: Found 1 design units, including 1 entities, in source file 3xdec.bdf
    Info: Found entity 1: 3Xdec
Info: Found 1 design units, including 1 entities, in source file 15xdec.bdf
    Info: Found entity 1: 15Xdec
Info: Found 1 design units, including 1 entities, in source file 2xdec.bdf
    Info: Found entity 1: 2Xdec
Info: Found 1 design units, including 1 entities, in source file ghrtlahfmfvkdlf.bdf
    Info: Found entity 1: ghrtlahfmfvkdlf
Warning: Using design file fpga2.bdf, which is not specified as a design file for the current project, but contains definitions for 1 design units and 1 entities in project
    Info: Found entity 1: fpga2
Info: Elaborating entity "FPGA2" for the top level hierarchy
Warning: Block or symbol "3Xdec" of instance "inst23" overlaps another block or symbol
Warning: Block or symbol "4Xdec" of instance "inst24" overlaps another block or symbol
Info: Elaborating entity "15Xdec" for hierarchy "15Xdec:inst22"
Warning: Using design file 25xdec.bdf, which is not specified as a design file for the current project, but contains definitions for 1 design units and 1 entities in project
    Info: Found entity 1: 25xdec
Info: Elaborating entity "25Xdec" for hierarchy "25Xdec:inst34"
Warning: Using design file 4xdec.bdf, which is not specified as a design file for the current project, but contains definitions for 1 design units and 1 entities in project
    Info: Found entity 1: 4xdec
Info: Elaborating entity "4Xdec" for hierarchy "4Xdec:inst24"
Info: Elaborating entity "3Xdec" for hierarchy "3Xdec:inst23"
Info: Elaborating entity "2Xdec" for hierarchy "2Xdec:inst26"
Warning: Using design file 7xdec.bdf, which is not specified as a design file for the current project, but contains definitions for 1 design units and 1 entities in project
    Info: Found entity 1: 7xdec
Info: Elaborating entity "7Xdec" for hierarchy "7Xdec:inst25"
Warning: Using design file 11xdec.bdf, which is not specified as a design file for the current project, but contains definitions for 1 design units and 1 entities in project
    Info: Found entity 1: 11xdec
Info: Elaborating entity "11Xdec" for hierarchy "11Xdec:inst32"
Warning: Using design file 8xdec.bdf, which is not specified as a design file for the current project, but contains definitions for 1 design units and 1 entities in project
    Info: Found entity 1: 8xdec
Info: Elaborating entity "8Xdec" for hierarchy "8Xdec:inst30"
Warning: Using design file 5xdec.bdf, which is not specified as a design file for the current project, but contains definitions for 1 design units and 1 entities in project
    Info: Found entity 1: 5xdec
Info: Elaborating entity "5Xdec" for hierarchy "5Xdec:inst28"
Info: 16 registers lost all their fanouts during netlist optimizations. The first 16 are displayed below.
    Info: Register "7xdec:inst31|inst" lost all its fanouts during netlist optimizations.
    Info: Register "7xdec:inst31|inst2" lost all its fanouts during netlist optimizations.
    Info: Register "25xdec:inst40|inst4" lost all its fanouts during netlist optimizations.
    Info: Register "7xdec:inst25|inst" lost all its fanouts during netlist optimizations.
    Info: Register "25xdec:inst40|inst5" lost all its fanouts during netlist optimizations.
    Info: Register "25xdec:inst40|inst6" lost all its fanouts during netlist optimizations.
    Info: Register "25xdec:inst40|inst" lost all its fanouts during netlist optimizations.
    Info: Register "7xdec:inst25|inst2" lost all its fanouts during netlist optimizations.
    Info: Register "25xdec:inst35|inst4" lost all its fanouts during netlist optimizations.
    Info: Register "25xdec:inst40|inst1" lost all its fanouts during netlist optimizations.
    Info: Register "25xdec:inst40|inst2" lost all its fanouts during netlist optimizations.
    Info: Register "25xdec:inst35|inst5" lost all its fanouts during netlist optimizations.
    Info: Register "25xdec:inst35|inst6" lost all its fanouts during netlist optimizations.
    Info: Register "25xdec:inst35|inst" lost all its fanouts during netlist optimizations.
    Info: Register "25xdec:inst35|inst1" lost all its fanouts during netlist optimizations.
    Info: Register "25xdec:inst35|inst2" lost all its fanouts during netlist optimizations.
Warning: Design contains 2 input pin(s) that do not drive logic
    Warning (15610): No output dependent on input pin "i"
    Warning (15610): No output dependent on input pin "w"
Info: Implemented 66 device resources after synthesis - the final resource count might be different
    Info: Implemented 8 input pins
    Info: Implemented 1 output pins
    Info: Implemented 57 logic cells
Info: Quartus II Analysis & Synthesis was successful. 0 errors, 13 warnings
    Info: Peak virtual memory: 227 megabytes
    Info: Processing ended: Mon Nov 21 23:27:13 2022
    Info: Elapsed time: 00:00:01
    Info: Total CPU time (on all processors): 00:00:01


