Flow report for FNDArray015
Fri Nov 25 17:23:34 2022
Quartus II Version 9.1 Build 350 03/24/2010 Service Pack 2 SJ Web Edition


---------------------
; Table of Contents ;
---------------------
  1. Legal Notice
  2. Flow Summary
  3. Flow Settings
  4. Flow Non-Default Global Settings
  5. Flow Elapsed Time
  6. Flow OS Summary
  7. Flow Log



----------------
; Legal Notice ;
----------------
Copyright (C) 1991-2010 Altera Corporation
Your use of Altera Corporation's design tools, logic functions 
and other software and tools, and its AMPP partner logic 
functions, and any output files from any of the foregoing 
(including device programming or simulation files), and any 
associated documentation or information are expressly subject 
to the terms and conditions of the Altera Program License 
Subscription Agreement, Altera MegaCore Function License 
Agreement, or other applicable license agreement, including, 
without limitation, that your use is for the sole purpose of 
programming logic devices manufactured by Altera and sold by 
Altera or its authorized distributors.  Please refer to the 
applicable agreement for further details.



+-----------------------------------------------------------------------------------+
; Flow Summary                                                                      ;
+------------------------------------+----------------------------------------------+
; Flow Status                        ; Successful - Fri Nov 25 17:23:34 2022        ;
; Quartus II Version                 ; 9.1 Build 350 03/24/2010 SP 2 SJ Web Edition ;
; Revision Name                      ; FNDArray015                                  ;
; Top-level Entity Name              ; fndarray015                                  ;
; Family                             ; Cyclone II                                   ;
; Device                             ; EP2C8Q208C8                                  ;
; Timing Models                      ; Final                                        ;
; Met timing requirements            ; Yes                                          ;
; Total logic elements               ; 1 / 8,256 ( < 1 % )                          ;
;     Total combinational functions  ; 1 / 8,256 ( < 1 % )                          ;
;     Dedicated logic registers      ; 0 / 8,256 ( 0 % )                            ;
; Total registers                    ; 0                                            ;
; Total pins                         ; 14 / 138 ( 10 % )                            ;
; Total virtual pins                 ; 0                                            ;
; Total memory bits                  ; 0 / 165,888 ( 0 % )                          ;
; Embedded Multiplier 9-bit elements ; 0 / 36 ( 0 % )                               ;
; Total PLLs                         ; 0 / 2 ( 0 % )                                ;
+------------------------------------+----------------------------------------------+


+-----------------------------------------+
; Flow Settings                           ;
+-------------------+---------------------+
; Option            ; Setting             ;
+-------------------+---------------------+
; Start date & time ; 11/25/2022 17:23:30 ;
; Main task         ; Compilation         ;
; Revision Name     ; FNDArray015         ;
+-------------------+---------------------+


+----------------------------------------------------------------------------------------------------+
; Flow Non-Default Global Settings                                                                   ;
+------------------------+--------------------------------+---------------+-------------+------------+
; Assignment Name        ; Value                          ; Default Value ; Entity Name ; Section Id ;
+------------------------+--------------------------------+---------------+-------------+------------+
; COMPILER_SIGNATURE_ID  ; 79516044292669.166936461011688 ; --            ; --          ; --         ;
; MAX_CORE_JUNCTION_TEMP ; 85                             ; --            ; --          ; --         ;
; MIN_CORE_JUNCTION_TEMP ; 0                              ; --            ; --          ; --         ;
; PARTITION_COLOR        ; 16764057                       ; --            ; --          ; Top        ;
; PARTITION_NETLIST_TYPE ; SOURCE                         ; --            ; --          ; Top        ;
+------------------------+--------------------------------+---------------+-------------+------------+


+-----------------------------------------------------------------------------------------------------------------------------+
; Flow Elapsed Time                                                                                                           ;
+-------------------------+--------------+-------------------------+---------------------+------------------------------------+
; Module Name             ; Elapsed Time ; Average Processors Used ; Peak Virtual Memory ; Total CPU Time (on all processors) ;
+-------------------------+--------------+-------------------------+---------------------+------------------------------------+
; Analysis & Synthesis    ; 00:00:01     ; 1.0                     ; 221 MB              ; 00:00:01                           ;
; Fitter                  ; 00:00:01     ; 1.0                     ; 252 MB              ; 00:00:02                           ;
; Assembler               ; 00:00:00     ; 1.0                     ; 219 MB              ; 00:00:01                           ;
; Classic Timing Analyzer ; 00:00:00     ; 1.0                     ; 173 MB              ; 00:00:00                           ;
; Total                   ; 00:00:02     ; --                      ; --                  ; 00:00:04                           ;
+-------------------------+--------------+-------------------------+---------------------+------------------------------------+


+------------------------------------------------------------------------------------------+
; Flow OS Summary                                                                          ;
+-------------------------+------------------+---------------+------------+----------------+
; Module Name             ; Machine Hostname ; OS Name       ; OS Version ; Processor type ;
+-------------------------+------------------+---------------+------------+----------------+
; Analysis & Synthesis    ; DESKTOP-9R0SNBF  ; Windows Vista ; 6.2        ; x86_64         ;
; Fitter                  ; DESKTOP-9R0SNBF  ; Windows Vista ; 6.2        ; x86_64         ;
; Assembler               ; DESKTOP-9R0SNBF  ; Windows Vista ; 6.2        ; x86_64         ;
; Classic Timing Analyzer ; DESKTOP-9R0SNBF  ; Windows Vista ; 6.2        ; x86_64         ;
+-------------------------+------------------+---------------+------------+----------------+


------------
; Flow Log ;
------------
quartus_map --read_settings_files=on --write_settings_files=off FNDArray015 -c FNDArray015
quartus_fit --read_settings_files=off --write_settings_files=off FNDArray015 -c FNDArray015
quartus_asm --read_settings_files=off --write_settings_files=off FNDArray015 -c FNDArray015
quartus_tan --read_settings_files=off --write_settings_files=off FNDArray015 -c FNDArray015 --timing_analysis_only



